c:\users\p2-1020\desktop\rat\injector\debug\vc140.pdb
c:\users\p2-1020\desktop\rat\injector\debug\injecteur.obj
c:\users\p2-1020\desktop\rat\injector\debug\connection_error.obj
c:\users\p2-1020\desktop\rat\injector\debug\connection.obj
c:\users\p2-1020\desktop\rat\injector\debug\vc140.idb
c:\users\p2-1020\desktop\rat\injector\debug\.netframework,version=v4.5.2.assemblyattributes.obj
c:\users\p2-1020\desktop\rat\injector\debug\.netframework,version=v4.5.2.assemblyattributes.asm
c:\users\p2-1020\desktop\rat\debug\injector.ilk
c:\users\p2-1020\desktop\rat\debug\injector.exe
c:\users\p2-1020\desktop\rat\debug\injector.pdb
c:\users\p2-1020\desktop\rat\injector\debug\injector.vcxprojresolveassemblyreference.cache
c:\users\p2-1020\desktop\rat\injector\debug\injector.tlog\cl.command.1.tlog
c:\users\p2-1020\desktop\rat\injector\debug\injector.tlog\cl.read.1.tlog
c:\users\p2-1020\desktop\rat\injector\debug\injector.tlog\cl.write.1.tlog
c:\users\p2-1020\desktop\rat\injector\debug\injector.tlog\link.command.1.tlog
c:\users\p2-1020\desktop\rat\injector\debug\injector.tlog\link.delete.1.tlog
c:\users\p2-1020\desktop\rat\injector\debug\injector.tlog\link.read.1.tlog
c:\users\p2-1020\desktop\rat\injector\debug\injector.tlog\link.write.1.tlog
c:\users\p2-1020\desktop\rat\injector\debug\injector.tlog\metagen.read.1.tlog
c:\users\p2-1020\desktop\rat\injector\debug\injector.tlog\metagen.write.1.tlog
c:\users\p2-1020\desktop\rat\injector\debug\injector.tlog\tzres.dll.bi
