c:\users\p2-1020\desktop\rat\ratremote\debug\vc140.pdb
c:\users\p2-1020\desktop\rat\ratremote\debug\ratremote.obj
c:\users\p2-1020\desktop\rat\ratremote\debug\connection_error.obj
c:\users\p2-1020\desktop\rat\ratremote\debug\connection.obj
c:\users\p2-1020\desktop\rat\ratremote\debug\vc140.idb
c:\users\p2-1020\desktop\rat\ratremote\debug\.netframework,version=v4.5.2.assemblyattributes.obj
c:\users\p2-1020\desktop\rat\ratremote\debug\.netframework,version=v4.5.2.assemblyattributes.asm
c:\users\p2-1020\desktop\rat\debug\ratremote.ilk
c:\users\p2-1020\desktop\rat\debug\ratremote.exe
c:\users\p2-1020\desktop\rat\debug\ratremote.pdb
c:\users\p2-1020\desktop\rat\ratremote\debug\ratremote.vcxprojresolveassemblyreference.cache
c:\users\p2-1020\desktop\rat\ratremote\debug\ratremote.tlog\cl.command.1.tlog
c:\users\p2-1020\desktop\rat\ratremote\debug\ratremote.tlog\cl.read.1.tlog
c:\users\p2-1020\desktop\rat\ratremote\debug\ratremote.tlog\cl.write.1.tlog
c:\users\p2-1020\desktop\rat\ratremote\debug\ratremote.tlog\link.command.1.tlog
c:\users\p2-1020\desktop\rat\ratremote\debug\ratremote.tlog\link.delete.1.tlog
c:\users\p2-1020\desktop\rat\ratremote\debug\ratremote.tlog\link.read.1.tlog
c:\users\p2-1020\desktop\rat\ratremote\debug\ratremote.tlog\link.write.1.tlog
c:\users\p2-1020\desktop\rat\ratremote\debug\ratremote.tlog\metagen.read.1.tlog
c:\users\p2-1020\desktop\rat\ratremote\debug\ratremote.tlog\metagen.write.1.tlog
c:\users\p2-1020\desktop\rat\ratremote\debug\ratremote.tlog\tzres.dll.bi
