c:\users\p2-1020\desktop\rat\rat\debug\vc140.pdb
c:\users\p2-1020\desktop\rat\rat\debug\ratzombie.obj
c:\users\p2-1020\desktop\rat\rat\debug\connection_error.obj
c:\users\p2-1020\desktop\rat\rat\debug\connection.obj
c:\users\p2-1020\desktop\rat\rat\debug\vc140.idb
c:\users\p2-1020\desktop\rat\rat\debug\.netframework,version=v4.5.2.assemblyattributes.obj
c:\users\p2-1020\desktop\rat\rat\debug\.netframework,version=v4.5.2.assemblyattributes.asm
c:\users\p2-1020\desktop\rat\debug\rat.ilk
c:\users\p2-1020\desktop\rat\debug\rat.exe
c:\users\p2-1020\desktop\rat\debug\rat.pdb
c:\users\p2-1020\desktop\rat\rat\debug\rat.vcxprojresolveassemblyreference.cache
c:\users\p2-1020\desktop\rat\rat\debug\rat.tlog\cl.command.1.tlog
c:\users\p2-1020\desktop\rat\rat\debug\rat.tlog\cl.read.1.tlog
c:\users\p2-1020\desktop\rat\rat\debug\rat.tlog\cl.write.1.tlog
c:\users\p2-1020\desktop\rat\rat\debug\rat.tlog\link.command.1.tlog
c:\users\p2-1020\desktop\rat\rat\debug\rat.tlog\link.delete.1.tlog
c:\users\p2-1020\desktop\rat\rat\debug\rat.tlog\link.read.1.tlog
c:\users\p2-1020\desktop\rat\rat\debug\rat.tlog\link.write.1.tlog
c:\users\p2-1020\desktop\rat\rat\debug\rat.tlog\metagen.read.1.tlog
c:\users\p2-1020\desktop\rat\rat\debug\rat.tlog\metagen.write.1.tlog
c:\users\p2-1020\desktop\rat\rat\debug\rat.tlog\tzres.dll.bi
