c:\users\p2-1020\desktop\rat\distributor\debug\vc140.pdb
c:\users\p2-1020\desktop\rat\distributor\debug\distributer.obj
c:\users\p2-1020\desktop\rat\distributor\debug\connection_error.obj
c:\users\p2-1020\desktop\rat\distributor\debug\connection.obj
c:\users\p2-1020\desktop\rat\distributor\debug\vc140.idb
c:\users\p2-1020\desktop\rat\distributor\debug\.netframework,version=v4.5.2.assemblyattributes.obj
c:\users\p2-1020\desktop\rat\distributor\debug\.netframework,version=v4.5.2.assemblyattributes.asm
c:\users\p2-1020\desktop\rat\debug\distributor.ilk
c:\users\p2-1020\desktop\rat\debug\distributor.exe
c:\users\p2-1020\desktop\rat\debug\distributor.pdb
c:\users\p2-1020\desktop\rat\distributor\debug\distributor.vcxprojresolveassemblyreference.cache
c:\users\p2-1020\desktop\rat\distributor\debug\distributor.tlog\cl.command.1.tlog
c:\users\p2-1020\desktop\rat\distributor\debug\distributor.tlog\cl.read.1.tlog
c:\users\p2-1020\desktop\rat\distributor\debug\distributor.tlog\cl.write.1.tlog
c:\users\p2-1020\desktop\rat\distributor\debug\distributor.tlog\link.command.1.tlog
c:\users\p2-1020\desktop\rat\distributor\debug\distributor.tlog\link.delete.1.tlog
c:\users\p2-1020\desktop\rat\distributor\debug\distributor.tlog\link.read.1.tlog
c:\users\p2-1020\desktop\rat\distributor\debug\distributor.tlog\link.write.1.tlog
c:\users\p2-1020\desktop\rat\distributor\debug\distributor.tlog\metagen.read.1.tlog
c:\users\p2-1020\desktop\rat\distributor\debug\distributor.tlog\metagen.write.1.tlog
c:\users\p2-1020\desktop\rat\distributor\debug\distributor.tlog\tzres.dll.bi
